This file contains any messages produced by compilers while
running configure, to aid debugging if configure makes a mistake.

It was created by programms configure Suvorova.E.A Lab 1 , which was
generated by GNU Autoconf 2.69.  Invocation command line was

  $ ./configure 

## --------- ##
## Platform. ##
## --------- ##

hostname = ketrin-desktop
uname -m = x86_64
uname -r = 3.16.0-53-generic
uname -s = Linux
uname -v = #72~14.04.1-Ubuntu SMP Fri Nov 6 18:17:23 UTC 2015

/usr/bin/uname -p = unknown
/bin/uname -X     = unknown

/bin/arch              = unknown
/usr/bin/arch -k       = unknown
/usr/convex/getsysinfo = unknown
/usr/bin/hostinfo      = unknown
/bin/machine           = unknown
/usr/bin/oslevel       = unknown
/bin/universe          = unknown

PATH: /usr/local/sbin
PATH: /usr/local/bin
PATH: /usr/sbin
PATH: /usr/bin
PATH: /sbin
PATH: /bin
PATH: /usr/games
PATH: /usr/local/games


## ----------- ##
## Core tests. ##
## ----------- ##

configure:2107: checking for gcc
configure:2123: found /usr/bin/gcc
configure:2134: result: gcc
configure:2363: checking for C compiler version
configure:2372: gcc --version >&5
gcc (Ubuntu 4.8.4-2ubuntu1~14.04) 4.8.4
Copyright (C) 2013 Free Software Foundation, Inc.
This is free software; see the source for copying conditions.  There is NO
warranty; not even for MERCHANTABILITY or FITNESS FOR A PARTICULAR PURPOSE.

configure:2383: $? = 0
configure:2372: gcc -v >&5
Using built-in specs.
COLLECT_GCC=gcc
COLLECT_LTO_WRAPPER=/usr/lib/gcc/x86_64-linux-gnu/4.8/lto-wrapper
Target: x86_64-linux-gnu
Configured with: ../src/configure -v --with-pkgversion='Ubuntu 4.8.4-2ubuntu1~14.04' --with-bugurl=file:///usr/share/doc/gcc-4.8/README.Bugs --enable-languages=c,c++,java,go,d,fortran,objc,obj-c++ --prefix=/usr --program-suffix=-4.8 --enable-shared --enable-linker-build-id --libexecdir=/usr/lib --without-included-gettext --enable-threads=posix --with-gxx-include-dir=/usr/include/c++/4.8 --libdir=/usr/lib --enable-nls --with-sysroot=/ --enable-clocale=gnu --enable-libstdcxx-debug --enable-libstdcxx-time=yes --enable-gnu-unique-object --disable-libmudflap --enable-plugin --with-system-zlib --disable-browser-plugin --enable-java-awt=gtk --enable-gtk-cairo --with-java-home=/usr/lib/jvm/java-1.5.0-gcj-4.8-amd64/jre --enable-java-home --with-jvm-root-dir=/usr/lib/jvm/java-1.5.0-gcj-4.8-amd64 --with-jvm-jar-dir=/usr/lib/jvm-exports/java-1.5.0-gcj-4.8-amd64 --with-arch-directory=amd64 --with-ecj-jar=/usr/share/java/eclipse-ecj.jar --enable-objc-gc --enable-multiarch --disable-werror --with-arch-32=i686 --with-abi=m64 --with-multilib-list=m32,m64,mx32 --with-tune=generic --enable-checking=release --build=x86_64-linux-gnu --host=x86_64-linux-gnu --target=x86_64-linux-gnu
Thread model: posix
gcc version 4.8.4 (Ubuntu 4.8.4-2ubuntu1~14.04) 
configure:2383: $? = 0
configure:2372: gcc -V >&5
gcc: error: unrecognized command line option '-V'
gcc: fatal error: no input files
compilation terminated.
configure:2383: $? = 4
configure:2372: gcc -qversion >&5
gcc: error: unrecognized command line option '-qversion'
gcc: fatal error: no input files
compilation terminated.
configure:2383: $? = 4
configure:2403: checking whether the C compiler works
configure:2425: gcc    conftest.c  >&5
configure:2429: $? = 0
configure:2477: result: yes
configure:2480: checking for C compiler default output file name
configure:2482: result: a.out
configure:2488: checking for suffix of executables
configure:2495: gcc -o conftest    conftest.c  >&5
configure:2499: $? = 0
configure:2521: result: 
configure:2543: checking whether we are cross compiling
configure:2551: gcc -o conftest    conftest.c  >&5
configure:2555: $? = 0
configure:2562: ./conftest
configure:2566: $? = 0
configure:2581: result: no
configure:2586: checking for suffix of object files
configure:2608: gcc -c   conftest.c >&5
configure:2612: $? = 0
configure:2633: result: o
configure:2637: checking whether we are using the GNU C compiler
configure:2656: gcc -c   conftest.c >&5
configure:2656: $? = 0
configure:2665: result: yes
configure:2674: checking whether gcc accepts -g
configure:2694: gcc -c -g  conftest.c >&5
configure:2694: $? = 0
configure:2735: result: yes
configure:2752: checking for gcc option to accept ISO C89
configure:2815: gcc  -c -g -O2  conftest.c >&5
configure:2815: $? = 0
configure:2828: result: none needed
configure:2856: checking how to run the C preprocessor
configure:2887: gcc -E  conftest.c
configure:2887: $? = 0
configure:2901: gcc -E  conftest.c
conftest.c:9:28: fatal error: ac_nonexistent.h: No such file or directory
 #include <ac_nonexistent.h>
                            ^
compilation terminated.
configure:2901: $? = 1
configure: failed program was:
| /* confdefs.h */
| #define PACKAGE_NAME "programms"
| #define PACKAGE_TARNAME "programms"
| #define PACKAGE_VERSION "Suvorova.E.A Lab 1 "
| #define PACKAGE_STRING "programms Suvorova.E.A Lab 1 "
| #define PACKAGE_BUGREPORT ""
| #define PACKAGE_URL ""
| /* end confdefs.h.  */
| #include <ac_nonexistent.h>
configure:2926: result: gcc -E
configure:2946: gcc -E  conftest.c
configure:2946: $? = 0
configure:2960: gcc -E  conftest.c
conftest.c:9:28: fatal error: ac_nonexistent.h: No such file or directory
 #include <ac_nonexistent.h>
                            ^
compilation terminated.
configure:2960: $? = 1
configure: failed program was:
| /* confdefs.h */
| #define PACKAGE_NAME "programms"
| #define PACKAGE_TARNAME "programms"
| #define PACKAGE_VERSION "Suvorova.E.A Lab 1 "
| #define PACKAGE_STRING "programms Suvorova.E.A Lab 1 "
| #define PACKAGE_BUGREPORT ""
| #define PACKAGE_URL ""
| /* end confdefs.h.  */
| #include <ac_nonexistent.h>
configure:2989: checking for grep that handles long lines and -e
configure:3047: result: /bin/grep
configure:3052: checking for egrep
configure:3114: result: /bin/grep -E
configure:3119: checking for ANSI C header files
configure:3139: gcc -c -g -O2  conftest.c >&5
configure:3139: $? = 0
configure:3212: gcc -o conftest -g -O2   conftest.c  >&5
configure:3212: $? = 0
configure:3212: ./conftest
configure:3212: $? = 0
configure:3223: result: yes
configure:3236: checking for sys/types.h
configure:3236: gcc -c -g -O2  conftest.c >&5
configure:3236: $? = 0
configure:3236: result: yes
configure:3236: checking for sys/stat.h
configure:3236: gcc -c -g -O2  conftest.c >&5
configure:3236: $? = 0
configure:3236: result: yes
configure:3236: checking for stdlib.h
configure:3236: gcc -c -g -O2  conftest.c >&5
configure:3236: $? = 0
configure:3236: result: yes
configure:3236: checking for string.h
configure:3236: gcc -c -g -O2  conftest.c >&5
configure:3236: $? = 0
configure:3236: result: yes
configure:3236: checking for memory.h
configure:3236: gcc -c -g -O2  conftest.c >&5
configure:3236: $? = 0
configure:3236: result: yes
configure:3236: checking for strings.h
configure:3236: gcc -c -g -O2  conftest.c >&5
configure:3236: $? = 0
configure:3236: result: yes
configure:3236: checking for inttypes.h
configure:3236: gcc -c -g -O2  conftest.c >&5
configure:3236: $? = 0
configure:3236: result: yes
configure:3236: checking for stdint.h
configure:3236: gcc -c -g -O2  conftest.c >&5
configure:3236: $? = 0
configure:3236: result: yes
configure:3236: checking for unistd.h
configure:3236: gcc -c -g -O2  conftest.c >&5
configure:3236: $? = 0
configure:3236: result: yes
configure:3250: checking stdio.h usability
configure:3250: gcc -c -g -O2  conftest.c >&5
configure:3250: $? = 0
configure:3250: result: yes
configure:3250: checking stdio.h presence
configure:3250: gcc -E  conftest.c
configure:3250: $? = 0
configure:3250: result: yes
configure:3250: checking for stdio.h
configure:3250: result: yes
configure:3262: checking for stdlib.h
configure:3262: result: yes
configure:3274: checking pwd.h usability
configure:3274: gcc -c -g -O2  conftest.c >&5
configure:3274: $? = 0
configure:3274: result: yes
configure:3274: checking pwd.h presence
configure:3274: gcc -E  conftest.c
configure:3274: $? = 0
configure:3274: result: yes
configure:3274: checking for pwd.h
configure:3274: result: yes
configure:3284: checking for printf in -lc
configure:3309: gcc -o conftest -g -O2   conftest.c -lc   >&5
conftest.c:29:6: warning: conflicting types for built-in function 'printf' [enabled by default]
 char printf ();
      ^
configure:3309: $? = 0
configure:3318: result: yes
configure:3329: checking for getenv in -lc
configure:3354: gcc -o conftest -g -O2   conftest.c -lc  -lc  >&5
configure:3354: $? = 0
configure:3363: result: yes
configure:3374: checking for geteuid in -lc
configure:3399: gcc -o conftest -g -O2   conftest.c -lc  -lc -lc  >&5
configure:3399: $? = 0
configure:3408: result: yes
configure:3419: checking for getpwuid in -lc
configure:3444: gcc -o conftest -g -O2   conftest.c -lc  -lc -lc -lc  >&5
configure:3444: $? = 0
configure:3453: result: yes
configure:3464: checking for puts in -lc
configure:3489: gcc -o conftest -g -O2   conftest.c -lc  -lc -lc -lc -lc  >&5
conftest.c:33:6: warning: conflicting types for built-in function 'puts' [enabled by default]
 char puts ();
      ^
configure:3489: $? = 0
configure:3498: result: yes
configure:3554: checking for a BSD-compatible install
configure:3622: result: /usr/bin/install -c
configure:3633: checking whether build environment is sane
configure:3683: result: yes
configure:3824: checking for a thread-safe mkdir -p
configure:3863: result: /bin/mkdir -p
configure:3876: checking for gawk
configure:3906: result: no
configure:3876: checking for mawk
configure:3892: found /usr/bin/mawk
configure:3903: result: mawk
configure:3914: checking whether make sets $(MAKE)
configure:3936: result: yes
configure:3966: checking for style of include used by make
configure:3994: result: GNU
configure:4080: checking dependency style of gcc
configure:4191: result: gcc3
configure:4373: creating ./config.status

## ---------------------- ##
## Running config.status. ##
## ---------------------- ##

This file was extended by programms config.status Suvorova.E.A Lab 1 , which was
generated by GNU Autoconf 2.69.  Invocation command line was

  CONFIG_FILES    = 
  CONFIG_HEADERS  = 
  CONFIG_LINKS    = 
  CONFIG_COMMANDS = 
  $ ./config.status 

on ketrin-desktop

config.status:759: error: cannot find input file: `Makefile.in'

## ---------------- ##
## Cache variables. ##
## ---------------- ##

ac_cv_c_compiler_gnu=yes
ac_cv_env_CC_set=
ac_cv_env_CC_value=
ac_cv_env_CFLAGS_set=
ac_cv_env_CFLAGS_value=
ac_cv_env_CPPFLAGS_set=
ac_cv_env_CPPFLAGS_value=
ac_cv_env_CPP_set=
ac_cv_env_CPP_value=
ac_cv_env_LDFLAGS_set=
ac_cv_env_LDFLAGS_value=
ac_cv_env_LIBS_set=
ac_cv_env_LIBS_value=
ac_cv_env_build_alias_set=
ac_cv_env_build_alias_value=
ac_cv_env_host_alias_set=
ac_cv_env_host_alias_value=
ac_cv_env_target_alias_set=
ac_cv_env_target_alias_value=
ac_cv_header_inttypes_h=yes
ac_cv_header_memory_h=yes
ac_cv_header_pwd_h=yes
ac_cv_header_stdc=yes
ac_cv_header_stdint_h=yes
ac_cv_header_stdio_h=yes
ac_cv_header_stdlib_h=yes
ac_cv_header_string_h=yes
ac_cv_header_strings_h=yes
ac_cv_header_sys_stat_h=yes
ac_cv_header_sys_types_h=yes
ac_cv_header_unistd_h=yes
ac_cv_lib_c_getenv=yes
ac_cv_lib_c_geteuid=yes
ac_cv_lib_c_getpwuid=yes
ac_cv_lib_c_printf=yes
ac_cv_lib_c_puts=yes
ac_cv_objext=o
ac_cv_path_EGREP='/bin/grep -E'
ac_cv_path_GREP=/bin/grep
ac_cv_path_install='/usr/bin/install -c'
ac_cv_path_mkdir=/bin/mkdir
ac_cv_prog_AWK=mawk
ac_cv_prog_CPP='gcc -E'
ac_cv_prog_ac_ct_CC=gcc
ac_cv_prog_cc_c89=
ac_cv_prog_cc_g=yes
ac_cv_prog_make_make_set=yes
am_cv_CC_dependencies_compiler_type=gcc3

## ----------------- ##
## Output variables. ##
## ----------------- ##

ACLOCAL='${SHELL} /home/ketrin/proekt/missing --run aclocal-1.11'
AMDEPBACKSLASH='\'
AMDEP_FALSE='#'
AMDEP_TRUE=''
AMTAR='$${TAR-tar}'
AUTOCONF='${SHELL} /home/ketrin/proekt/missing --run autoconf'
AUTOHEADER='${SHELL} /home/ketrin/proekt/missing --run autoheader'
AUTOMAKE='${SHELL} /home/ketrin/proekt/missing --run automake-1.11'
AWK='mawk'
CC='gcc'
CCDEPMODE='depmode=gcc3'
CFLAGS='-g -O2'
CPP='gcc -E'
CPPFLAGS=''
CYGPATH_W='echo'
DEFS='-DPACKAGE_NAME=\"programms\" -DPACKAGE_TARNAME=\"programms\" -DPACKAGE_VERSION=\"Suvorova.E.A\ Lab\ 1\ \" -DPACKAGE_STRING=\"programms\ Suvorova.E.A\ Lab\ 1\ \" -DPACKAGE_BUGREPORT=\"\" -DPACKAGE_URL=\"\" -DSTDC_HEADERS=1 -DHAVE_SYS_TYPES_H=1 -DHAVE_SYS_STAT_H=1 -DHAVE_STDLIB_H=1 -DHAVE_STRING_H=1 -DHAVE_MEMORY_H=1 -DHAVE_STRINGS_H=1 -DHAVE_INTTYPES_H=1 -DHAVE_STDINT_H=1 -DHAVE_UNISTD_H=1 -DHAVE_STDIO_H=1 -DHAVE_STDLIB_H=1 -DHAVE_PWD_H=1 -DHAVE_LIBC=1 -DHAVE_LIBC=1 -DHAVE_LIBC=1 -DHAVE_LIBC=1 -DHAVE_LIBC=1 -DPACKAGE=\"programms\" -DVERSION=\"Suvorova.E.A\ Lab\ 1\ \"'
DEPDIR='.deps'
ECHO_C=''
ECHO_N='-n'
ECHO_T=''
EGREP='/bin/grep -E'
EXEEXT=''
GREP='/bin/grep'
INSTALL_DATA='${INSTALL} -m 644'
INSTALL_PROGRAM='${INSTALL}'
INSTALL_SCRIPT='${INSTALL}'
INSTALL_STRIP_PROGRAM='$(install_sh) -c -s'
LDFLAGS=''
LIBOBJS=''
LIBS='-lc -lc -lc -lc -lc '
LTLIBOBJS=''
MAKEINFO='${SHELL} /home/ketrin/proekt/missing --run makeinfo'
MKDIR_P='/bin/mkdir -p'
OBJEXT='o'
PACKAGE='programms'
PACKAGE_BUGREPORT=''
PACKAGE_NAME='programms'
PACKAGE_STRING='programms Suvorova.E.A Lab 1 '
PACKAGE_TARNAME='programms'
PACKAGE_URL=''
PACKAGE_VERSION='Suvorova.E.A Lab 1 '
PATH_SEPARATOR=':'
SET_MAKE=''
SHELL='/bin/bash'
STRIP=''
VERSION='Suvorova.E.A Lab 1 '
ac_ct_CC='gcc'
am__EXEEXT_FALSE=''
am__EXEEXT_TRUE='#'
am__fastdepCC_FALSE='#'
am__fastdepCC_TRUE=''
am__include='include'
am__isrc=''
am__leading_dot='.'
am__nodep='_no'
am__quote=''
am__tar='$${TAR-tar} chof - "$$tardir"'
am__untar='$${TAR-tar} xf -'
bindir='${exec_prefix}/bin'
build_alias=''
datadir='${datarootdir}'
datarootdir='${prefix}/share'
docdir='${datarootdir}/doc/${PACKAGE_TARNAME}'
dvidir='${docdir}'
exec_prefix='${prefix}'
host_alias=''
htmldir='${docdir}'
includedir='${prefix}/include'
infodir='${datarootdir}/info'
install_sh='${SHELL} /home/ketrin/proekt/install-sh'
libdir='${exec_prefix}/lib'
libexecdir='${exec_prefix}/libexec'
localedir='${datarootdir}/locale'
localstatedir='${prefix}/var'
mandir='${datarootdir}/man'
mkdir_p='/bin/mkdir -p'
oldincludedir='/usr/include'
pdfdir='${docdir}'
prefix='/usr/local'
program_transform_name='s,x,x,'
psdir='${docdir}'
sbindir='${exec_prefix}/sbin'
sharedstatedir='${prefix}/com'
sysconfdir='${prefix}/etc'
target_alias=''

## ----------- ##
## confdefs.h. ##
## ----------- ##

/* confdefs.h */
#define PACKAGE_NAME "programms"
#define PACKAGE_TARNAME "programms"
#define PACKAGE_VERSION "Suvorova.E.A Lab 1 "
#define PACKAGE_STRING "programms Suvorova.E.A Lab 1 "
#define PACKAGE_BUGREPORT ""
#define PACKAGE_URL ""
#define STDC_HEADERS 1
#define HAVE_SYS_TYPES_H 1
#define HAVE_SYS_STAT_H 1
#define HAVE_STDLIB_H 1
#define HAVE_STRING_H 1
#define HAVE_MEMORY_H 1
#define HAVE_STRINGS_H 1
#define HAVE_INTTYPES_H 1
#define HAVE_STDINT_H 1
#define HAVE_UNISTD_H 1
#define HAVE_STDIO_H 1
#define HAVE_STDLIB_H 1
#define HAVE_PWD_H 1
#define HAVE_LIBC 1
#define HAVE_LIBC 1
#define HAVE_LIBC 1
#define HAVE_LIBC 1
#define HAVE_LIBC 1
#define PACKAGE "programms"
#define VERSION "Suvorova.E.A Lab 1 "

configure: exit 1
